<?xml version="1.0" encoding="UTF-8"?>
<!-- Generated by org.testng.reporters.JUnitXMLReporter -->
<testsuite ignored="0" hostname="Bharadwaj-B6DD2G2" failures="0" tests="3" name="Default test" time="24.339" errors="0" timestamp="2023-09-21T10:53:42 IST">
  <testcase classname="maven.TC_001" name="Verify_Url_and_login" time="1.237"/>
  <testcase classname="maven.TC_001" name="Verify_Url_and_login" time="1.12"/>
  <testcase classname="maven.TC_001" name="Verify_Url_and_login" time="6.057"/>
</testsuite> <!-- Default test -->
